<?xml version="1.0" encoding="UTF-8"?>
<testng-results skipped="0" failed="0" ignored="0" total="2" passed="2">
  <reporter-output>
  </reporter-output>
  <suite name="Suite" duration-ms="27487" started-at="2019-05-14T00:54:05Z" finished-at="2019-05-14T00:54:32Z">
    <groups>
    </groups>
    <test name="Test1" duration-ms="13308" started-at="2019-05-14T00:54:05Z" finished-at="2019-05-14T00:54:18Z">
      <class name="regressionTest.Login">
        <test-method status="PASS" signature="init(java.lang.String, java.lang.String)[pri:0, instance:regressionTest.Login@31ef45e3]" name="init" is-config="true" duration-ms="8628" started-at="2019-05-14T00:54:05Z" finished-at="2019-05-14T00:54:13Z">
          <params>
            <param index="0">
              <value>
                <![CDATA[chrome]]>
              </value>
            </param>
            <param index="1">
              <value>
                <![CDATA[http://usablackcaviar.com/]]>
              </value>
            </param>
          </params>
          <reporter-output>
          </reporter-output>
        </test-method> <!-- init -->
        <test-method status="PASS" signature="LoginPage()[pri:0, instance:regressionTest.Login@31ef45e3]" name="LoginPage" duration-ms="4360" started-at="2019-05-14T00:54:13Z" finished-at="2019-05-14T00:54:18Z">
          <reporter-output>
          </reporter-output>
        </test-method> <!-- LoginPage -->
        <test-method status="PASS" signature="afterTest()[pri:0, instance:regressionTest.Login@31ef45e3]" name="afterTest" is-config="true" duration-ms="281" started-at="2019-05-14T00:54:18Z" finished-at="2019-05-14T00:54:18Z">
          <reporter-output>
          </reporter-output>
        </test-method> <!-- afterTest -->
      </class> <!-- regressionTest.Login -->
    </test> <!-- Test1 -->
    <test name="Test2" duration-ms="14090" started-at="2019-05-14T00:54:18Z" finished-at="2019-05-14T00:54:32Z">
      <class name="regressionTest.Login">
        <test-method status="PASS" signature="init(java.lang.String, java.lang.String)[pri:0, instance:regressionTest.Login@5702b3b1]" name="init" is-config="true" duration-ms="8622" started-at="2019-05-14T00:54:18Z" finished-at="2019-05-14T00:54:27Z">
          <params>
            <param index="0">
              <value>
                <![CDATA[firefox]]>
              </value>
            </param>
            <param index="1">
              <value>
                <![CDATA[http://usablackcaviar.com/]]>
              </value>
            </param>
          </params>
          <reporter-output>
          </reporter-output>
        </test-method> <!-- init -->
        <test-method status="PASS" signature="LoginPage()[pri:0, instance:regressionTest.Login@5702b3b1]" name="LoginPage" duration-ms="4027" started-at="2019-05-14T00:54:27Z" finished-at="2019-05-14T00:54:31Z">
          <reporter-output>
          </reporter-output>
        </test-method> <!-- LoginPage -->
        <test-method status="PASS" signature="afterTest()[pri:0, instance:regressionTest.Login@5702b3b1]" name="afterTest" is-config="true" duration-ms="1435" started-at="2019-05-14T00:54:31Z" finished-at="2019-05-14T00:54:32Z">
          <reporter-output>
          </reporter-output>
        </test-method> <!-- afterTest -->
      </class> <!-- regressionTest.Login -->
    </test> <!-- Test2 -->
  </suite> <!-- Suite -->
</testng-results>
